<?xml version="1.0" encoding="UTF-8"?>
<!-- Generated by org.testng.reporters.JUnitXMLReporter -->
<testsuite ignored="0" hostname="LAPTOP-OLQ9GVDM" failures="1" tests="3" name="Error validation  test" time="51.543" errors="0" timestamp="2024-10-18T23:12:58 IST">
  <testcase classname="Ecomerce.SeleniumDesign.ErrorValidation" name="validateCartProduct" time="24.542"/>
  <testcase classname="Ecomerce.SeleniumDesign.ErrorValidation" name="validateLoginDetails" time="1.735">
    <skipped/>
  </testcase> <!-- validateLoginDetails -->
  <testcase classname="Ecomerce.SeleniumDesign.ErrorValidation" name="validateLoginDetails" time="1.533">
    <failure type="java.lang.AssertionError" message="expected [Incorrect email password.] but found [Incorrect email or password.]">
      <![CDATA[java.lang.AssertionError: expected [Incorrect email password.] but found [Incorrect email or password.]
at Ecomerce.SeleniumDesign.ErrorValidation.validateLoginDetails(ErrorValidation.java:31)
at java.base/java.util.ArrayList.forEach(ArrayList.java:1596)
at java.base/java.util.concurrent.FutureTask.run(FutureTask.java:317)
at java.base/java.util.concurrent.ThreadPoolExecutor.runWorker(ThreadPoolExecutor.java:1144)
at java.base/java.util.concurrent.ThreadPoolExecutor$Worker.run(ThreadPoolExecutor.java:642)
at java.base/java.lang.Thread.run(Thread.java:1583)
... Removed 21 stack frames]]>
    </failure>
  </testcase> <!-- validateLoginDetails -->
</testsuite> <!-- Error validation  test -->
